---------------------------------------------
Log C:\Users\Administrator\Desktop\DayZ Server\servers\AfterLife\profiles\script_2024-11-04_12-00-11.log started at 04.11. 12:00:11

SCRIPT       : Loaded Core (Client PBO) Version 1.5.3:stable
SCRIPT       : Loaded Advanced Groups (Client PBO) Version 2.2.10:stable
SCRIPT       : Loaded Advanced Groups (Server PBO) Version 2.2.10:stable
SCRIPT       : Version check for Advanced Groups successful. Version Loaded: 2.2.10:stable
SCRIPT       : Registered 359 temporary action enum(s), UAN==359
SCRIPT    (W): @"Notifications/scripts/3_Game/client\notifications\notificationui.c,13": FIX-ME: Overriding function 'AddNotification' but not marked as 'override'
SCRIPT    (W): @"Notifications/scripts/3_Game/client\notifications\notificationui.c,46": FIX-ME: Overriding function 'UpdateTargetHeight' but not marked as 'override'
SCRIPT    (W): @"Notifications/scripts/3_Game/client\notifications\notificationui.c,81": FIX-ME: Overriding function 'RemoveNotification' but not marked as 'override'
SCRIPT    (W): @"scripts/3_Game/entities\pawn.c,25": Missing script declaration for method 'PawnOwnerState.SetWaterTime'
SCRIPT    (W): @"scripts/3_Game/entities\pawn.c,25": Missing script declaration for method 'PawnOwnerState.SetPhysicsTimeStamp'
SCRIPT    (W): @"scripts/3_Game/entities\pawn.c,25": Missing script declaration for method 'PawnOwnerState.GetWaterTime'
SCRIPT    (W): @"scripts/3_Game/entities\pawn.c,25": Missing script declaration for method 'PawnOwnerState.GetPhysicsTimeStamp'
SCRIPT    (W): @"FMZ_Loading/Scripts/3_Game/loadingscreen\gui\loadingscreen.c,34": Possible variable name conflict 'layoutRoot'
SCRIPT    (W): @"FMZ_Loading/Scripts/3_Game/loadingscreen\gui\loadingscreen.c,58": Possible variable name conflict 'layoutRoot'
SCRIPT    (W): @"FMZ_Loading/Scripts/3_Game/loadingscreen\gui\loadingscreen.c,72": Possible variable name conflict 'layoutRoot'
SCRIPT    (W): @"LBmaster_Core/scripts/3_Game/lbmaster_core\gui\menu\lbitemselectordialog.c,70": Unsafe down-casting, use 'EntityAI.Cast' for safe down-casting
SCRIPT       : Started LBLogger at: $profile:LBmaster_4_11_2024_12_00_12.log
SCRIPT       : Start Checksum: -691124041
SCRIPT       : End Checksum: -44701225
SCRIPT       : ... Backlit Effects Enabled
SCRIPT       : VPPNotificationManager()
SCRIPT       : [VPPAT] Internal VPPNotifications module loaded!
SCRIPT       : [DayZ Game]:: DayZGame(): Initializing V++ Admin Tools.
SCRIPT       : Default Mission: $saves:VPPDebugMissions/Debug.chernarusplus exists!
SCRIPT       : Default Mission: $saves:VPPDebugMissions/Debug.enoch exists!
SCRIPT    (W): @"CodeLock/scripts/4_world/gui\setcodemenu.c,31": FIX-ME: Overriding function 'CheckState' but not marked as 'override'
SCRIPT    (W): @"VPPAdminTools/4_World/vppadmintools\plugins\pluginbase\webhooksmanager\classes\webhookmessagebase.c,53": Possible variable name conflict 'title'
SCRIPT    (W): @"VPPAdminTools/4_World/vppadmintools\plugins\pluginbase\webhooksmanager\classes\webhookmessagebase.c,53": Possible variable name conflict 'color'
SCRIPT    (W): @"CodeLock/scripts/4_world/gui\guestcodemenu.c,29": FIX-ME: Overriding function 'SendRPC' but not marked as 'override'
SCRIPT    (W): @"CodeLock/scripts/4_world/gui\claimcodemenu.c,27": FIX-ME: Overriding function 'SendRPC' but not marked as 'override'
SCRIPT    (W): @"VPPAdminTools/4_World/vppadmintools\plugins\pluginbase\webhooksmanager\classes\messagetypes\joinleavemessage.c,7": Possible variable name conflict 'guid'
SCRIPT    (W): @"VPPAdminTools/4_World/vppadmintools\plugins\pluginbase\webhooksmanager\classes\messagetypes\joinleavemessage.c,7": Possible variable name conflict 'details'
SCRIPT    (W): @"CodeLock/scripts/4_world/gui\entercodemenu.c,37": FIX-ME: Overriding function 'SendRPC' but not marked as 'override'
SCRIPT    (W): @"CodeLock/scripts/4_world/actions\continuous\actiondestroycodelockontent.c,73": Possible variable name conflict '_Health'
SCRIPT    (W): @"CodeLock/scripts/4_world/actions\continuous\actiondestroycodelockonfence.c,67": Possible variable name conflict '_Health'
SCRIPT    (W): @"LBmaster_Core/scripts/4_World/lbmaster_core\gui\adminmenu\lb_item_placemenu.c,50": Unsafe down-casting, use 'EntityAI.Cast' for safe down-casting
SCRIPT    (W): @"LBmaster_Core/scripts/4_World/lbmaster_core\entities\playerbase.c,23": Unsafe down-casting, use 'ItemBase.Cast' for safe down-casting
SCRIPT    (W): @"mmg_storage/scripts/4_World/actions\lock\actioninteractlock_mmg.c,75": Unsafe down-casting, use 'EntityAI.Cast' for safe down-casting
SCRIPT    (W): @"mmg_storage/scripts/4_World/actions\lock\actioninteractlock_mmg.c,89": Unsafe down-casting, use 'ItemBase.Cast' for safe down-casting
SCRIPT    (W): @"mmg_storage/scripts/4_World/actions\lock\actioninteractlock_mmg.c,94": Unsafe down-casting, use 'ItemBase.Cast' for safe down-casting
SCRIPT    (W): @"mmg_storage/scripts/4_World/actions\lock\actiondestroycodelock_mmg.c,72": Possible variable name conflict '_maxHealth'
SCRIPT    (W): @"mmg_storage/scripts/4_World/actions\lock\actiondestroycodelock_mmg.c,78": Possible variable name conflict '_Health'
SCRIPT    (W): @"VPPAdminTools/4_World/vppadmintools\plugins\pluginbase\chatcommandmanager\classes\chatmodules\argumentcommands\spawning\spawnongroundmodule.c,32": FIX-ME: Undefined function 'ItemBase.SetupSpawnedItem'
SCRIPT    (W): @"VPPAdminTools/4_World/vppadmintools\plugins\pluginbase\itemmanager\itemmanager.c,225": FIX-ME: Undefined function 'ItemBase.SetupSpawnedItem'
SCRIPT    (W): @"VPPAdminTools/4_World/vppadmintools\plugins\pluginbase\admintools\admintools.c,60": No need to use 'Cast' for up-casting
SCRIPT    (W): @"BuildingFortifications/scripts/4_World/buildingfortifications\actions\instant\actionopenbuildingcore.c,112": No need to use 'Cast' for up-casting
SCRIPT    (W): @"BuildingFortifications/scripts/4_World/buildingfortifications\actions\instant\actionopenbuildingcore.c,115": No need to use 'Cast' for up-casting
SCRIPT    (W): @"BuildingFortifications/scripts/4_World/buildingfortifications\actions\instant\actionmanagelockondoor.c,201": Possible variable name conflict '_Health'
SCRIPT    (W): @"VPPAdminTools/5_Mission/vppadmintools\gui\submenus\menuobjectmanager\menuobjectmanager.c,203": Missing ';' at the end of line
SCRIPT    (W): @"VPPAdminTools/5_Mission/vppadmintools\gui\submenus\menuitemmanager\menuitemmanager.c,201": FIX-ME: Undefined function 'DayZGame.GetMousePos'
SCRIPT    (W): @"VPPAdminTools/5_Mission/vppadmintools\gui\uihelpers\mouseevents\vppmouseeventbase.c,53": FIX-ME: Undefined function 'CGame.GetMouseState'
SCRIPT    (W): @"VPPAdminTools/5_Mission/vppadmintools\gui\vppadminhud.c,126": Unsafe down-casting, use 'MenuObjectManager.Cast' for safe down-casting
SCRIPT    (W): @"VPPAdminTools/5_Mission/vppadmintools\gui\submenus\menuesptools\esptoolsmenu.c,580": Unsafe down-casting, use 'EntityAI.Cast' for safe down-casting
SCRIPT    (W): @"VPPAdminTools/5_Mission/vppadmintools\gui\uihelpers\infoboxinstance.c,61": FIX-ME: Undefined function 'DayZGame.GetMousePos'
SCRIPT    (W): @"VPPAdminTools/5_Mission/vppadmintools\gui\uihelpers\mouseevents\vppholdleftclickevent.c,13": FIX-ME: Undefined function 'CGame.GetMouseState'
SCRIPT    (W): @"VPPAdminTools/5_Mission/vppadmintools\gui\uihelpers\tooltiphandler.c,38": FIX-ME: Undefined function 'DayZGame.GetMousePos'
SCRIPT    (W): @"VPPAdminTools/5_Mission/vppadmintools\gui\submenus\menuplayermanager\menuplayermanager.c,71": FIX-ME: Callbacks do not properly support overloaded methods 'OnUpdate'
SCRIPT    (W): @"VPPAdminTools/5_Mission/vppadmintools\gui\vppuimanager.c,183": FIX-ME: Undefined function 'CGame.GetMouseState'
SCRIPT    (W): @"VPPAdminTools/5_Mission/vppadmintools\missiondebug.c,38": Unsafe down-casting, use 'PlayerBase.Cast' for safe down-casting
SCRIPT    (W): @"VPPAdminTools/5_Mission/vppadmintools\gui\submenus\menuobjectmanager\menuobjectmanager.c,862": FIX-ME: Undefined function 'DayZGame.GetMousePos'
SCRIPT    (W): @"VPPAdminTools/5_Mission/vppadmintools\gui\submenus\menuxmleditor\menuxmleditor.c,264": FIX-ME: Undefined function 'DayZGame.GetMousePos'
SCRIPT       : Vanilla++ AdminTools Plugins Registering..
SCRIPT       : [WebHooksManager] Loading Saved Webhooks configuration
SCRIPT       : LB Update Check start...
SCRIPT       : Parsing Server config at $CurrentDir:serverDZ.cfg.active
SCRIPT       : Sending Mod version requests
SCRIPT       : LBUpdate Packet is 942 bytes long
SCRIPT       : Finished Mod update analysis
SCRIPT       : [Bed-Respawn 2.0] Created BedFrameWork Instance!
SCRIPT       : [Bed-Respawn 2.0] loading prexisting config file.
SCRIPT       : [MissionServer] OnInit - Server
SCRIPT       : [Notifications] OnInit
SCRIPT       : [Notifications] Loading Config
SCRIPT       : [BuildingFortificationsConfig] Create Building Fortifications configuration instance..
SCRIPT       : [BuildingFortificationsConfig] Loading existing Building Fortifications configuration file..
SCRIPT       : [BuildingFortificationsConfig] Load existing Building Fortifications configuration file..
SCRIPT       : [MissionServer] OnMissionStart - Server
SCRIPT       : string dirtyName = 'AfterLifeVanilla+'
SCRIPT       : [UpdateCheck] Some of your Mods are not up to Date !
SCRIPT       : [UpdateCheck] Mod Core is not up to date! (Installed: 1.5.3:stable, Latest: 1.5.4:stable)
SCRIPT       : m_LoginTimeMs: 16200
SCRIPT       : ---- PlayerBase OnStoreLoad SUCCESS ----
SCRIPT       : CustomMission<fa8052c0>::SyncBFConfig - Send Building
SCRIPT       : [VPPAT] Player "JohnWick" (steamId=76561197998690788) connected to server!
SCRIPT       : [PlayerListManager] AddReceiver ► added: PlayerIdentity<53967290>
SCRIPT       : [Permissions Manager] Admin (JohnWick) (76561197998690788) Successfully Logged in!
SCRIPT       : [Logout]: New player aSeZrScYkwQmCCVYeYx88yUS-RSUQG7g7xYDDomky38= with logout time 15
SCRIPT       : Player "JohnWick" (steamid=76561197998690788) initiated disconnect process...
SCRIPT       : Player "JohnWick" (steamid=76561197998690788) disconnected early from server (EXIT NOW).
SCRIPT       : [Logout]: Player aSeZrScYkwQmCCVYeYx88yUS-RSUQG7g7xYDDomky38= finished
SCRIPT       : [PlayerListManager] SyncEntryToReceivers ► uid: aSeZrScYkwQmCCVYeYx88yUS-RSUQG7g7xYDDomky38= isn't in the players list! sending a remove.
SCRIPT       : PlayerDisconnected -> PlayerListManager.RemoveEntry ► aSeZrScYkwQmCCVYeYx88yUS-RSUQG7g7xYDDomky38=
SCRIPT       : ---- PlayerBase OnStoreLoad SUCCESS ----
SCRIPT       : CustomMission<fa8052c0>::SyncBFConfig - Send Building
SCRIPT       : [VPPAT] Player "D890" (steamId=76561198017124053) connected to server!
SCRIPT       : [PlayerListManager] AddReceiver ► added: PlayerIdentity<ef044cc0>
SCRIPT       : [Permissions Manager] Admin (D890) (76561198017124053) Successfully Logged in!
